<?xml version="1.0" encoding="UTF-8"?>
<testsuite name="CoffeeMachineTest" tests="1" skipped="1" failures="0" errors="0" timestamp="2025-01-30T11:59:49" hostname="Users-MacBook-Air.local" time="0.414">
  <properties/>
  <testcase name="start" classname="CoffeeMachineTest" time="0.414">
    <skipped/>
  </testcase>
  <system-out><![CDATA[?[1;31m
Start test 1?[0m

Write action (buy, fill, take, clean, remaining, exit): 
> remaining
The coffee machine has:
400 ml of water
540 ml of milk
120 g of coffee beans
9 disposable cups
$550 of money

Write action (buy, fill, take, clean, remaining, exit): 
> fill
Write how many ml of water you want to add: 
> 3000
Write how many ml of milk you want to add: 
> 3000
Write how many grams of coffee beans you want to add: 
> 3000
Write how many disposable cups you want to add: 
> 3000

Write action (buy, fill, take, clean, remaining, exit): 
> remaining
The coffee machine has:
3400 ml of water
3540 ml of milk
3120 g of coffee beans
3009 disposable cups
$550 of money

Write action (buy, fill, take, clean, remaining, exit): 
> exit
]]></system-out>
  <system-err><![CDATA[]]></system-err>
</testsuite>
